[    3466ms] [ERROR] Failed to load resource: the server responded with a status of 500 (Internal Server Error) @ http://localhost:3000/:0
[    3795ms] [INFO] %cDownload the React DevTools for a better development experience: https://reactjs.org/link/react-devtools font-weight:bold @ webpack-internal:///./node_modules/react-dom/cjs/react-dom.development.js:29889
[    3852ms] Error: Cannot find module './682.js'
Require stack:
- C:\Users\salih\Desktop\Clark V2\Clark V2\frontend\.next\server\webpack-runtime.js
- C:\Users\salih\Desktop\Clark V2\Clark V2\frontend\.next\server\pages\_document.js
- C:\Users\salih\Desktop\Clark V2\Clark V2\frontend\node_modules\next\dist\server\require.js
- C:\Users\salih\Desktop\Clark V2\Clark V2\frontend\node_modules\next\dist\server\load-components.js
- C:\Users\salih\Desktop\Clark V2\Clark V2\frontend\node_modules\next\dist\build\utils.js
- C:\Users\salih\Desktop\Clark V2\Clark V2\frontend\node_modules\next\dist\server\dev\hot-middleware.js
- C:\Users\salih\Desktop\Clark V2\Clark V2\frontend\node_modules\next\dist\server\dev\hot-reloader-webpack.js
- C:\Users\salih\Desktop\Clark V2\Clark V2\frontend\node_modules\next\dist\server\lib\router-utils\setup-dev-bundler.js
- C:\Users\salih\Desktop\Clark V2\Clark V2\frontend\node_modules\next\dist\server\lib\router-server.js
- C:\Users\salih\Desktop\Clark V2\Clark V2\frontend\node_modules\next\dist\server\lib\start-server.js
    at Module.<anonymous> (node:internal/modules/cjs/loader:1421:15)
    at <unknown> (file://C:\Users\salih\Desktop\Clark V2\Clark V2\frontend\node_modules\next\dist\server\require-hook.js:55:36)
    at defaultResolveImpl (node:internal/modules/cjs/loader:1059:19)
    at resolveForCJSWithHooks (node:internal/modules/cjs/loader:1064:22)
    at Module._load (node:internal/modules/cjs/loader:1227:37)
    at TracingChannel.traceSync (node:diagnostics_channel:328:14)
    at wrapModuleLoad (node:internal/modules/cjs/loader:245:24)
    at Module.<anonymous> (node:internal/modules/cjs/loader:1504:12)
    at mod.require (file://C:\Users\salih\Desktop\Clark V2\Clark V2\frontend\node_modules\next\dist\server\require-hook.js:65:28)
    at require (node:internal/modules/helpers:152:16)
    at __webpack_require__.f.require (file://C:\Users\salih\Desktop\Clark V2\Clark V2\frontend\.next\server\webpack-runtime.js:198:28)
    at <unknown> (file://C:\Users\salih\Desktop\Clark V2\Clark V2\frontend\.next\server\webpack-runtime.js:111:40)
    at Array.reduce (<anonymous>)
    at __webpack_require__.e (file://C:\Users\salih\Desktop\Clark V2\Clark V2\frontend\.next\server\webpack-runtime.js:110:67)
    at Array.map (<anonymous>)
    at __webpack_require__.X (file://C:\Users\salih\Desktop\Clark V2\Clark V2\frontend\.next\server\webpack-runtime.js:162:22)
    at <unknown> (file://C:\Users\salih\Desktop\Clark V2\Clark V2\frontend\.next\server\pages\_document.js:1:335)
    at Object.<anonymous> (file://C:\Users\salih\Desktop\Clark V2\Clark V2\frontend\.next\server\pages\_document.js:1:376)
    at Module._compile (node:internal/modules/cjs/loader:1761:14)
    at Object..js (node:internal/modules/cjs/loader:1893:10)
    at Module.load (node:internal/modules/cjs/loader:1481:32)
    at Module._load (node:internal/modules/cjs/loader:1300:12)
    at TracingChannel.traceSync (node:diagnostics_channel:328:14)
    at wrapModuleLoad (node:internal/modules/cjs/loader:245:24)
    at Module.<anonymous> (node:internal/modules/cjs/loader:1504:12)
    at mod.require (file://C:\Users\salih\Desktop\Clark V2\Clark V2\frontend\node_modules\next\dist\server\require-hook.js:65:28)
    at require (node:internal/modules/helpers:152:16)
    at requirePage (file://C:\Users\salih\Desktop\Clark V2\Clark V2\frontend\node_modules\next\dist\server\require.js:109:84)
    at <unknown> (file://C:\Users\salih\Desktop\Clark V2\Clark V2\frontend\node_modules\next\dist\server\load-components.js:72:65)
    at async loadComponentsImpl (file://C:\Users\salih\Desktop\Clark V2\Clark V2\frontend\node_modules\next\dist\server\load-components.js:71:33)
    at async DevServer.findPageComponentsImpl (file://C:\Users\salih\Desktop\Clark V2\Clark V2\frontend\node_modules\next\dist\server\next-server.js:710:36)
[    3854ms] [LOG] [HMR] connected @ webpack-internal:///./node_modules/next/dist/client/components/react-dev-overlay/pages/websocket.js:45
[   70617ms] [ERROR] WebSocket connection to 'ws://localhost:3000/_next/webpack-hmr' failed: Error in connection establishment: net::ERR_CONNECTION_REFUSED @ webpack-internal:///./node_modules/next/dist/client/components/react-dev-overlay/pages/websocket.js:76
[   73973ms] [ERROR] WebSocket connection to 'ws://localhost:3000/_next/webpack-hmr' failed: Error in connection establishment: net::ERR_CONNECTION_REFUSED @ webpack-internal:///./node_modules/next/dist/client/components/react-dev-overlay/pages/websocket.js:76
[   77335ms] [ERROR] WebSocket connection to 'ws://localhost:3000/_next/webpack-hmr' failed: Error in connection establishment: net::ERR_CONNECTION_REFUSED @ webpack-internal:///./node_modules/next/dist/client/components/react-dev-overlay/pages/websocket.js:76
[   80706ms] [ERROR] WebSocket connection to 'ws://localhost:3000/_next/webpack-hmr' failed: Error in connection establishment: net::ERR_CONNECTION_REFUSED @ webpack-internal:///./node_modules/next/dist/client/components/react-dev-overlay/pages/websocket.js:76
[   84547ms] [LOG] [HMR] connected @ webpack-internal:///./node_modules/next/dist/client/components/react-dev-overlay/pages/websocket.js:45
[   84608ms] [LOG] [Fast Refresh] rebuilding @ webpack-internal:///./node_modules/next/dist/client/components/react-dev-overlay/pages/hot-reloader-client.js:221
[   88531ms] [LOG] [Fast Refresh] rebuilding @ webpack-internal:///./node_modules/next/dist/client/components/react-dev-overlay/pages/hot-reloader-client.js:221
[   94439ms] [ERROR] Failed to load resource: the server responded with a status of 404 (Not Found) @ http://localhost:3000/_next/static/webpack/823cccad8c4b36d4.webpack.hot-update.json:0
[   94439ms] [WARNING] [Fast Refresh] performing full reload because your application had an unrecoverable error @ webpack-internal:///./node_modules/next/dist/client/components/react-dev-overlay/pages/hot-reloader-client.js:349
[   94960ms] [INFO] %cDownload the React DevTools for a better development experience: https://reactjs.org/link/react-devtools font-weight:bold @ webpack-internal:///(app-pages-browser)/./node_modules/next/dist/compiled/react-dom/cjs/react-dom.development.js:38559
